[2026-06-10T11:09:27.228+0000] {processor.py:161} INFO - Started process (PID=190) to work on /opt/airflow/dags/tp5/config.py
[2026-06-10T11:09:27.229+0000] {processor.py:830} INFO - Processing file /opt/airflow/dags/tp5/config.py for tasks to queue
[2026-06-10T11:09:27.230+0000] {logging_mixin.py:188} INFO - [2026-06-10T11:09:27.230+0000] {dagbag.py:538} INFO - Filling up the DagBag from /opt/airflow/dags/tp5/config.py
[2026-06-10T11:09:27.268+0000] {processor.py:842} WARNING - No viable dags retrieved from /opt/airflow/dags/tp5/config.py
[2026-06-10T11:09:27.289+0000] {processor.py:183} INFO - Processing /opt/airflow/dags/tp5/config.py took 0.065 seconds
[2026-06-10T11:09:57.815+0000] {processor.py:161} INFO - Started process (PID=205) to work on /opt/airflow/dags/tp5/config.py
[2026-06-10T11:09:57.820+0000] {processor.py:830} INFO - Processing file /opt/airflow/dags/tp5/config.py for tasks to queue
[2026-06-10T11:09:57.825+0000] {logging_mixin.py:188} INFO - [2026-06-10T11:09:57.824+0000] {dagbag.py:538} INFO - Filling up the DagBag from /opt/airflow/dags/tp5/config.py
[2026-06-10T11:09:57.875+0000] {processor.py:842} WARNING - No viable dags retrieved from /opt/airflow/dags/tp5/config.py
[2026-06-10T11:09:57.914+0000] {processor.py:183} INFO - Processing /opt/airflow/dags/tp5/config.py took 0.116 seconds
[2026-06-10T11:10:28.545+0000] {processor.py:161} INFO - Started process (PID=220) to work on /opt/airflow/dags/tp5/config.py
[2026-06-10T11:10:28.560+0000] {processor.py:830} INFO - Processing file /opt/airflow/dags/tp5/config.py for tasks to queue
[2026-06-10T11:10:28.570+0000] {logging_mixin.py:188} INFO - [2026-06-10T11:10:28.568+0000] {dagbag.py:538} INFO - Filling up the DagBag from /opt/airflow/dags/tp5/config.py
[2026-06-10T11:10:28.644+0000] {processor.py:842} WARNING - No viable dags retrieved from /opt/airflow/dags/tp5/config.py
[2026-06-10T11:10:28.697+0000] {processor.py:183} INFO - Processing /opt/airflow/dags/tp5/config.py took 0.166 seconds
[2026-06-10T11:10:59.253+0000] {processor.py:161} INFO - Started process (PID=235) to work on /opt/airflow/dags/tp5/config.py
[2026-06-10T11:10:59.256+0000] {processor.py:830} INFO - Processing file /opt/airflow/dags/tp5/config.py for tasks to queue
[2026-06-10T11:10:59.259+0000] {logging_mixin.py:188} INFO - [2026-06-10T11:10:59.258+0000] {dagbag.py:538} INFO - Filling up the DagBag from /opt/airflow/dags/tp5/config.py
[2026-06-10T11:10:59.293+0000] {processor.py:842} WARNING - No viable dags retrieved from /opt/airflow/dags/tp5/config.py
[2026-06-10T11:10:59.332+0000] {processor.py:183} INFO - Processing /opt/airflow/dags/tp5/config.py took 0.093 seconds
[2026-06-10T11:11:29.877+0000] {processor.py:161} INFO - Started process (PID=257) to work on /opt/airflow/dags/tp5/config.py
[2026-06-10T11:11:29.879+0000] {processor.py:830} INFO - Processing file /opt/airflow/dags/tp5/config.py for tasks to queue
[2026-06-10T11:11:29.882+0000] {logging_mixin.py:188} INFO - [2026-06-10T11:11:29.881+0000] {dagbag.py:538} INFO - Filling up the DagBag from /opt/airflow/dags/tp5/config.py
[2026-06-10T11:11:29.909+0000] {processor.py:842} WARNING - No viable dags retrieved from /opt/airflow/dags/tp5/config.py
[2026-06-10T11:11:29.984+0000] {processor.py:183} INFO - Processing /opt/airflow/dags/tp5/config.py took 0.116 seconds
[2026-06-10T11:12:00.593+0000] {processor.py:161} INFO - Started process (PID=272) to work on /opt/airflow/dags/tp5/config.py
[2026-06-10T11:12:00.596+0000] {processor.py:830} INFO - Processing file /opt/airflow/dags/tp5/config.py for tasks to queue
[2026-06-10T11:12:00.598+0000] {logging_mixin.py:188} INFO - [2026-06-10T11:12:00.598+0000] {dagbag.py:538} INFO - Filling up the DagBag from /opt/airflow/dags/tp5/config.py
[2026-06-10T11:12:00.634+0000] {processor.py:842} WARNING - No viable dags retrieved from /opt/airflow/dags/tp5/config.py
[2026-06-10T11:12:00.680+0000] {processor.py:183} INFO - Processing /opt/airflow/dags/tp5/config.py took 0.098 seconds
[2026-06-10T11:12:31.285+0000] {processor.py:161} INFO - Started process (PID=301) to work on /opt/airflow/dags/tp5/config.py
[2026-06-10T11:12:31.288+0000] {processor.py:830} INFO - Processing file /opt/airflow/dags/tp5/config.py for tasks to queue
[2026-06-10T11:12:31.292+0000] {logging_mixin.py:188} INFO - [2026-06-10T11:12:31.291+0000] {dagbag.py:538} INFO - Filling up the DagBag from /opt/airflow/dags/tp5/config.py
[2026-06-10T11:12:31.329+0000] {processor.py:842} WARNING - No viable dags retrieved from /opt/airflow/dags/tp5/config.py
[2026-06-10T11:12:31.373+0000] {processor.py:183} INFO - Processing /opt/airflow/dags/tp5/config.py took 0.095 seconds
[2026-06-10T11:13:01.988+0000] {processor.py:161} INFO - Started process (PID=316) to work on /opt/airflow/dags/tp5/config.py
[2026-06-10T11:13:01.992+0000] {processor.py:830} INFO - Processing file /opt/airflow/dags/tp5/config.py for tasks to queue
[2026-06-10T11:13:01.994+0000] {logging_mixin.py:188} INFO - [2026-06-10T11:13:01.993+0000] {dagbag.py:538} INFO - Filling up the DagBag from /opt/airflow/dags/tp5/config.py
[2026-06-10T11:13:02.031+0000] {processor.py:842} WARNING - No viable dags retrieved from /opt/airflow/dags/tp5/config.py
[2026-06-10T11:13:02.071+0000] {processor.py:183} INFO - Processing /opt/airflow/dags/tp5/config.py took 0.093 seconds
[2026-06-10T11:13:32.812+0000] {processor.py:161} INFO - Started process (PID=338) to work on /opt/airflow/dags/tp5/config.py
[2026-06-10T11:13:32.815+0000] {processor.py:830} INFO - Processing file /opt/airflow/dags/tp5/config.py for tasks to queue
[2026-06-10T11:13:32.817+0000] {logging_mixin.py:188} INFO - [2026-06-10T11:13:32.817+0000] {dagbag.py:538} INFO - Filling up the DagBag from /opt/airflow/dags/tp5/config.py
[2026-06-10T11:13:32.850+0000] {processor.py:842} WARNING - No viable dags retrieved from /opt/airflow/dags/tp5/config.py
[2026-06-10T11:13:32.881+0000] {processor.py:183} INFO - Processing /opt/airflow/dags/tp5/config.py took 0.080 seconds
[2026-06-10T11:14:03.598+0000] {processor.py:161} INFO - Started process (PID=353) to work on /opt/airflow/dags/tp5/config.py
[2026-06-10T11:14:03.602+0000] {processor.py:830} INFO - Processing file /opt/airflow/dags/tp5/config.py for tasks to queue
[2026-06-10T11:14:03.604+0000] {logging_mixin.py:188} INFO - [2026-06-10T11:14:03.603+0000] {dagbag.py:538} INFO - Filling up the DagBag from /opt/airflow/dags/tp5/config.py
[2026-06-10T11:14:03.636+0000] {processor.py:842} WARNING - No viable dags retrieved from /opt/airflow/dags/tp5/config.py
[2026-06-10T11:14:03.673+0000] {processor.py:183} INFO - Processing /opt/airflow/dags/tp5/config.py took 0.083 seconds
[2026-06-10T11:14:34.753+0000] {processor.py:161} INFO - Started process (PID=368) to work on /opt/airflow/dags/tp5/config.py
[2026-06-10T11:14:34.757+0000] {processor.py:830} INFO - Processing file /opt/airflow/dags/tp5/config.py for tasks to queue
[2026-06-10T11:14:34.760+0000] {logging_mixin.py:188} INFO - [2026-06-10T11:14:34.759+0000] {dagbag.py:538} INFO - Filling up the DagBag from /opt/airflow/dags/tp5/config.py
[2026-06-10T11:14:34.790+0000] {processor.py:842} WARNING - No viable dags retrieved from /opt/airflow/dags/tp5/config.py
[2026-06-10T11:14:34.826+0000] {processor.py:183} INFO - Processing /opt/airflow/dags/tp5/config.py took 0.081 seconds
[2026-06-10T11:15:05.444+0000] {processor.py:161} INFO - Started process (PID=383) to work on /opt/airflow/dags/tp5/config.py
[2026-06-10T11:15:05.446+0000] {processor.py:830} INFO - Processing file /opt/airflow/dags/tp5/config.py for tasks to queue
[2026-06-10T11:15:05.448+0000] {logging_mixin.py:188} INFO - [2026-06-10T11:15:05.447+0000] {dagbag.py:538} INFO - Filling up the DagBag from /opt/airflow/dags/tp5/config.py
[2026-06-10T11:15:05.473+0000] {processor.py:842} WARNING - No viable dags retrieved from /opt/airflow/dags/tp5/config.py
[2026-06-10T11:15:05.499+0000] {processor.py:183} INFO - Processing /opt/airflow/dags/tp5/config.py took 0.061 seconds
[2026-06-10T11:15:36.162+0000] {processor.py:161} INFO - Started process (PID=398) to work on /opt/airflow/dags/tp5/config.py
[2026-06-10T11:15:36.165+0000] {processor.py:830} INFO - Processing file /opt/airflow/dags/tp5/config.py for tasks to queue
[2026-06-10T11:15:36.167+0000] {logging_mixin.py:188} INFO - [2026-06-10T11:15:36.166+0000] {dagbag.py:538} INFO - Filling up the DagBag from /opt/airflow/dags/tp5/config.py
[2026-06-10T11:15:36.200+0000] {processor.py:842} WARNING - No viable dags retrieved from /opt/airflow/dags/tp5/config.py
[2026-06-10T11:15:36.234+0000] {processor.py:183} INFO - Processing /opt/airflow/dags/tp5/config.py took 0.082 seconds
[2026-06-10T11:16:06.955+0000] {processor.py:161} INFO - Started process (PID=413) to work on /opt/airflow/dags/tp5/config.py
[2026-06-10T11:16:06.958+0000] {processor.py:830} INFO - Processing file /opt/airflow/dags/tp5/config.py for tasks to queue
[2026-06-10T11:16:06.961+0000] {logging_mixin.py:188} INFO - [2026-06-10T11:16:06.960+0000] {dagbag.py:538} INFO - Filling up the DagBag from /opt/airflow/dags/tp5/config.py
[2026-06-10T11:16:06.992+0000] {processor.py:842} WARNING - No viable dags retrieved from /opt/airflow/dags/tp5/config.py
[2026-06-10T11:16:07.026+0000] {processor.py:183} INFO - Processing /opt/airflow/dags/tp5/config.py took 0.081 seconds
[2026-06-10T11:16:37.705+0000] {processor.py:161} INFO - Started process (PID=442) to work on /opt/airflow/dags/tp5/config.py
[2026-06-10T11:16:37.708+0000] {processor.py:830} INFO - Processing file /opt/airflow/dags/tp5/config.py for tasks to queue
[2026-06-10T11:16:37.710+0000] {logging_mixin.py:188} INFO - [2026-06-10T11:16:37.709+0000] {dagbag.py:538} INFO - Filling up the DagBag from /opt/airflow/dags/tp5/config.py
[2026-06-10T11:16:37.742+0000] {processor.py:842} WARNING - No viable dags retrieved from /opt/airflow/dags/tp5/config.py
[2026-06-10T11:16:37.791+0000] {processor.py:183} INFO - Processing /opt/airflow/dags/tp5/config.py took 0.092 seconds
[2026-06-10T11:17:08.474+0000] {processor.py:161} INFO - Started process (PID=457) to work on /opt/airflow/dags/tp5/config.py
[2026-06-10T11:17:08.477+0000] {processor.py:830} INFO - Processing file /opt/airflow/dags/tp5/config.py for tasks to queue
[2026-06-10T11:17:08.479+0000] {logging_mixin.py:188} INFO - [2026-06-10T11:17:08.479+0000] {dagbag.py:538} INFO - Filling up the DagBag from /opt/airflow/dags/tp5/config.py
[2026-06-10T11:17:08.512+0000] {processor.py:842} WARNING - No viable dags retrieved from /opt/airflow/dags/tp5/config.py
[2026-06-10T11:17:08.549+0000] {processor.py:183} INFO - Processing /opt/airflow/dags/tp5/config.py took 0.083 seconds
[2026-06-10T11:17:39.418+0000] {processor.py:161} INFO - Started process (PID=472) to work on /opt/airflow/dags/tp5/config.py
[2026-06-10T11:17:39.421+0000] {processor.py:830} INFO - Processing file /opt/airflow/dags/tp5/config.py for tasks to queue
[2026-06-10T11:17:39.424+0000] {logging_mixin.py:188} INFO - [2026-06-10T11:17:39.423+0000] {dagbag.py:538} INFO - Filling up the DagBag from /opt/airflow/dags/tp5/config.py
[2026-06-10T11:17:39.471+0000] {processor.py:842} WARNING - No viable dags retrieved from /opt/airflow/dags/tp5/config.py
[2026-06-10T11:17:39.515+0000] {processor.py:183} INFO - Processing /opt/airflow/dags/tp5/config.py took 0.106 seconds
[2026-06-10T11:18:10.203+0000] {processor.py:161} INFO - Started process (PID=487) to work on /opt/airflow/dags/tp5/config.py
[2026-06-10T11:18:10.205+0000] {processor.py:830} INFO - Processing file /opt/airflow/dags/tp5/config.py for tasks to queue
[2026-06-10T11:18:10.207+0000] {logging_mixin.py:188} INFO - [2026-06-10T11:18:10.206+0000] {dagbag.py:538} INFO - Filling up the DagBag from /opt/airflow/dags/tp5/config.py
[2026-06-10T11:18:10.230+0000] {processor.py:842} WARNING - No viable dags retrieved from /opt/airflow/dags/tp5/config.py
[2026-06-10T11:18:10.256+0000] {processor.py:183} INFO - Processing /opt/airflow/dags/tp5/config.py took 0.060 seconds
[2026-06-10T11:18:40.834+0000] {processor.py:161} INFO - Started process (PID=516) to work on /opt/airflow/dags/tp5/config.py
[2026-06-10T11:18:40.837+0000] {processor.py:830} INFO - Processing file /opt/airflow/dags/tp5/config.py for tasks to queue
[2026-06-10T11:18:40.839+0000] {logging_mixin.py:188} INFO - [2026-06-10T11:18:40.838+0000] {dagbag.py:538} INFO - Filling up the DagBag from /opt/airflow/dags/tp5/config.py
[2026-06-10T11:18:40.865+0000] {processor.py:842} WARNING - No viable dags retrieved from /opt/airflow/dags/tp5/config.py
[2026-06-10T11:18:40.900+0000] {processor.py:183} INFO - Processing /opt/airflow/dags/tp5/config.py took 0.072 seconds
[2026-06-10T11:19:11.628+0000] {processor.py:161} INFO - Started process (PID=531) to work on /opt/airflow/dags/tp5/config.py
[2026-06-10T11:19:11.631+0000] {processor.py:830} INFO - Processing file /opt/airflow/dags/tp5/config.py for tasks to queue
[2026-06-10T11:19:11.634+0000] {logging_mixin.py:188} INFO - [2026-06-10T11:19:11.633+0000] {dagbag.py:538} INFO - Filling up the DagBag from /opt/airflow/dags/tp5/config.py
[2026-06-10T11:19:11.673+0000] {processor.py:842} WARNING - No viable dags retrieved from /opt/airflow/dags/tp5/config.py
[2026-06-10T11:19:11.728+0000] {processor.py:183} INFO - Processing /opt/airflow/dags/tp5/config.py took 0.110 seconds
[2026-06-10T11:19:42.703+0000] {processor.py:161} INFO - Started process (PID=546) to work on /opt/airflow/dags/tp5/config.py
[2026-06-10T11:19:42.710+0000] {processor.py:830} INFO - Processing file /opt/airflow/dags/tp5/config.py for tasks to queue
[2026-06-10T11:19:42.716+0000] {logging_mixin.py:188} INFO - [2026-06-10T11:19:42.715+0000] {dagbag.py:538} INFO - Filling up the DagBag from /opt/airflow/dags/tp5/config.py
[2026-06-10T11:19:42.750+0000] {processor.py:842} WARNING - No viable dags retrieved from /opt/airflow/dags/tp5/config.py
[2026-06-10T11:19:42.785+0000] {processor.py:183} INFO - Processing /opt/airflow/dags/tp5/config.py took 0.094 seconds
[2026-06-10T11:20:13.310+0000] {processor.py:161} INFO - Started process (PID=561) to work on /opt/airflow/dags/tp5/config.py
[2026-06-10T11:20:13.313+0000] {processor.py:830} INFO - Processing file /opt/airflow/dags/tp5/config.py for tasks to queue
[2026-06-10T11:20:13.315+0000] {logging_mixin.py:188} INFO - [2026-06-10T11:20:13.315+0000] {dagbag.py:538} INFO - Filling up the DagBag from /opt/airflow/dags/tp5/config.py
[2026-06-10T11:20:13.349+0000] {processor.py:842} WARNING - No viable dags retrieved from /opt/airflow/dags/tp5/config.py
[2026-06-10T11:20:13.401+0000] {processor.py:183} INFO - Processing /opt/airflow/dags/tp5/config.py took 0.100 seconds
[2026-06-10T11:20:44.236+0000] {processor.py:161} INFO - Started process (PID=576) to work on /opt/airflow/dags/tp5/config.py
[2026-06-10T11:20:44.239+0000] {processor.py:830} INFO - Processing file /opt/airflow/dags/tp5/config.py for tasks to queue
[2026-06-10T11:20:44.241+0000] {logging_mixin.py:188} INFO - [2026-06-10T11:20:44.241+0000] {dagbag.py:538} INFO - Filling up the DagBag from /opt/airflow/dags/tp5/config.py
[2026-06-10T11:20:44.276+0000] {processor.py:842} WARNING - No viable dags retrieved from /opt/airflow/dags/tp5/config.py
[2026-06-10T11:20:44.321+0000] {processor.py:183} INFO - Processing /opt/airflow/dags/tp5/config.py took 0.090 seconds
[2026-06-10T11:21:15.048+0000] {processor.py:161} INFO - Started process (PID=591) to work on /opt/airflow/dags/tp5/config.py
[2026-06-10T11:21:15.050+0000] {processor.py:830} INFO - Processing file /opt/airflow/dags/tp5/config.py for tasks to queue
[2026-06-10T11:21:15.053+0000] {logging_mixin.py:188} INFO - [2026-06-10T11:21:15.052+0000] {dagbag.py:538} INFO - Filling up the DagBag from /opt/airflow/dags/tp5/config.py
[2026-06-10T11:21:15.093+0000] {processor.py:842} WARNING - No viable dags retrieved from /opt/airflow/dags/tp5/config.py
[2026-06-10T11:21:15.130+0000] {processor.py:183} INFO - Processing /opt/airflow/dags/tp5/config.py took 0.090 seconds
[2026-06-10T11:21:45.877+0000] {processor.py:161} INFO - Started process (PID=606) to work on /opt/airflow/dags/tp5/config.py
[2026-06-10T11:21:45.880+0000] {processor.py:830} INFO - Processing file /opt/airflow/dags/tp5/config.py for tasks to queue
[2026-06-10T11:21:45.883+0000] {logging_mixin.py:188} INFO - [2026-06-10T11:21:45.882+0000] {dagbag.py:538} INFO - Filling up the DagBag from /opt/airflow/dags/tp5/config.py
[2026-06-10T11:21:45.916+0000] {processor.py:842} WARNING - No viable dags retrieved from /opt/airflow/dags/tp5/config.py
[2026-06-10T11:21:45.960+0000] {processor.py:183} INFO - Processing /opt/airflow/dags/tp5/config.py took 0.093 seconds
[2026-06-10T11:22:16.461+0000] {processor.py:161} INFO - Started process (PID=635) to work on /opt/airflow/dags/tp5/config.py
[2026-06-10T11:22:16.463+0000] {processor.py:830} INFO - Processing file /opt/airflow/dags/tp5/config.py for tasks to queue
[2026-06-10T11:22:16.465+0000] {logging_mixin.py:188} INFO - [2026-06-10T11:22:16.465+0000] {dagbag.py:538} INFO - Filling up the DagBag from /opt/airflow/dags/tp5/config.py
[2026-06-10T11:22:16.497+0000] {processor.py:842} WARNING - No viable dags retrieved from /opt/airflow/dags/tp5/config.py
[2026-06-10T11:22:16.528+0000] {processor.py:183} INFO - Processing /opt/airflow/dags/tp5/config.py took 0.074 seconds
[2026-06-10T11:22:47.262+0000] {processor.py:161} INFO - Started process (PID=650) to work on /opt/airflow/dags/tp5/config.py
[2026-06-10T11:22:47.264+0000] {processor.py:830} INFO - Processing file /opt/airflow/dags/tp5/config.py for tasks to queue
[2026-06-10T11:22:47.266+0000] {logging_mixin.py:188} INFO - [2026-06-10T11:22:47.266+0000] {dagbag.py:538} INFO - Filling up the DagBag from /opt/airflow/dags/tp5/config.py
[2026-06-10T11:22:47.304+0000] {processor.py:842} WARNING - No viable dags retrieved from /opt/airflow/dags/tp5/config.py
[2026-06-10T11:22:47.340+0000] {processor.py:183} INFO - Processing /opt/airflow/dags/tp5/config.py took 0.085 seconds
[2026-06-10T11:23:18.176+0000] {processor.py:161} INFO - Started process (PID=677) to work on /opt/airflow/dags/tp5/config.py
[2026-06-10T11:23:18.184+0000] {processor.py:830} INFO - Processing file /opt/airflow/dags/tp5/config.py for tasks to queue
[2026-06-10T11:23:18.188+0000] {logging_mixin.py:188} INFO - [2026-06-10T11:23:18.188+0000] {dagbag.py:538} INFO - Filling up the DagBag from /opt/airflow/dags/tp5/config.py
[2026-06-10T11:23:18.235+0000] {processor.py:842} WARNING - No viable dags retrieved from /opt/airflow/dags/tp5/config.py
[2026-06-10T11:23:18.268+0000] {processor.py:183} INFO - Processing /opt/airflow/dags/tp5/config.py took 0.103 seconds
[2026-06-10T11:23:49.062+0000] {processor.py:161} INFO - Started process (PID=694) to work on /opt/airflow/dags/tp5/config.py
[2026-06-10T11:23:49.065+0000] {processor.py:830} INFO - Processing file /opt/airflow/dags/tp5/config.py for tasks to queue
[2026-06-10T11:23:49.067+0000] {logging_mixin.py:188} INFO - [2026-06-10T11:23:49.067+0000] {dagbag.py:538} INFO - Filling up the DagBag from /opt/airflow/dags/tp5/config.py
[2026-06-10T11:23:49.110+0000] {processor.py:842} WARNING - No viable dags retrieved from /opt/airflow/dags/tp5/config.py
[2026-06-10T11:23:49.154+0000] {processor.py:183} INFO - Processing /opt/airflow/dags/tp5/config.py took 0.116 seconds
[2026-06-10T11:24:19.667+0000] {processor.py:161} INFO - Started process (PID=709) to work on /opt/airflow/dags/tp5/config.py
[2026-06-10T11:24:19.671+0000] {processor.py:830} INFO - Processing file /opt/airflow/dags/tp5/config.py for tasks to queue
[2026-06-10T11:24:19.673+0000] {logging_mixin.py:188} INFO - [2026-06-10T11:24:19.673+0000] {dagbag.py:538} INFO - Filling up the DagBag from /opt/airflow/dags/tp5/config.py
[2026-06-10T11:24:19.712+0000] {processor.py:842} WARNING - No viable dags retrieved from /opt/airflow/dags/tp5/config.py
[2026-06-10T11:24:19.756+0000] {processor.py:183} INFO - Processing /opt/airflow/dags/tp5/config.py took 0.103 seconds
[2026-06-10T11:24:50.768+0000] {processor.py:161} INFO - Started process (PID=724) to work on /opt/airflow/dags/tp5/config.py
[2026-06-10T11:24:50.770+0000] {processor.py:830} INFO - Processing file /opt/airflow/dags/tp5/config.py for tasks to queue
[2026-06-10T11:24:50.773+0000] {logging_mixin.py:188} INFO - [2026-06-10T11:24:50.772+0000] {dagbag.py:538} INFO - Filling up the DagBag from /opt/airflow/dags/tp5/config.py
[2026-06-10T11:24:50.827+0000] {processor.py:842} WARNING - No viable dags retrieved from /opt/airflow/dags/tp5/config.py
[2026-06-10T11:24:50.884+0000] {processor.py:183} INFO - Processing /opt/airflow/dags/tp5/config.py took 0.127 seconds
[2026-06-10T11:25:21.566+0000] {processor.py:161} INFO - Started process (PID=739) to work on /opt/airflow/dags/tp5/config.py
[2026-06-10T11:25:21.568+0000] {processor.py:830} INFO - Processing file /opt/airflow/dags/tp5/config.py for tasks to queue
[2026-06-10T11:25:21.570+0000] {logging_mixin.py:188} INFO - [2026-06-10T11:25:21.569+0000] {dagbag.py:538} INFO - Filling up the DagBag from /opt/airflow/dags/tp5/config.py
[2026-06-10T11:25:21.591+0000] {processor.py:842} WARNING - No viable dags retrieved from /opt/airflow/dags/tp5/config.py
[2026-06-10T11:25:21.620+0000] {processor.py:183} INFO - Processing /opt/airflow/dags/tp5/config.py took 0.061 seconds
[2026-06-10T11:25:52.252+0000] {processor.py:161} INFO - Started process (PID=754) to work on /opt/airflow/dags/tp5/config.py
[2026-06-10T11:25:52.255+0000] {processor.py:830} INFO - Processing file /opt/airflow/dags/tp5/config.py for tasks to queue
[2026-06-10T11:25:52.258+0000] {logging_mixin.py:188} INFO - [2026-06-10T11:25:52.257+0000] {dagbag.py:538} INFO - Filling up the DagBag from /opt/airflow/dags/tp5/config.py
[2026-06-10T11:25:52.298+0000] {processor.py:842} WARNING - No viable dags retrieved from /opt/airflow/dags/tp5/config.py
[2026-06-10T11:25:52.339+0000] {processor.py:183} INFO - Processing /opt/airflow/dags/tp5/config.py took 0.097 seconds
[2026-06-10T11:26:23.052+0000] {processor.py:161} INFO - Started process (PID=769) to work on /opt/airflow/dags/tp5/config.py
[2026-06-10T11:26:23.055+0000] {processor.py:830} INFO - Processing file /opt/airflow/dags/tp5/config.py for tasks to queue
[2026-06-10T11:26:23.057+0000] {logging_mixin.py:188} INFO - [2026-06-10T11:26:23.057+0000] {dagbag.py:538} INFO - Filling up the DagBag from /opt/airflow/dags/tp5/config.py
[2026-06-10T11:26:23.089+0000] {processor.py:842} WARNING - No viable dags retrieved from /opt/airflow/dags/tp5/config.py
[2026-06-10T11:26:23.120+0000] {processor.py:183} INFO - Processing /opt/airflow/dags/tp5/config.py took 0.078 seconds
[2026-06-10T11:26:53.808+0000] {processor.py:161} INFO - Started process (PID=784) to work on /opt/airflow/dags/tp5/config.py
[2026-06-10T11:26:53.811+0000] {processor.py:830} INFO - Processing file /opt/airflow/dags/tp5/config.py for tasks to queue
[2026-06-10T11:26:53.813+0000] {logging_mixin.py:188} INFO - [2026-06-10T11:26:53.812+0000] {dagbag.py:538} INFO - Filling up the DagBag from /opt/airflow/dags/tp5/config.py
[2026-06-10T11:26:53.845+0000] {processor.py:842} WARNING - No viable dags retrieved from /opt/airflow/dags/tp5/config.py
[2026-06-10T11:26:53.886+0000] {processor.py:183} INFO - Processing /opt/airflow/dags/tp5/config.py took 0.087 seconds
[2026-06-10T11:27:24.661+0000] {processor.py:161} INFO - Started process (PID=799) to work on /opt/airflow/dags/tp5/config.py
[2026-06-10T11:27:24.664+0000] {processor.py:830} INFO - Processing file /opt/airflow/dags/tp5/config.py for tasks to queue
[2026-06-10T11:27:24.667+0000] {logging_mixin.py:188} INFO - [2026-06-10T11:27:24.666+0000] {dagbag.py:538} INFO - Filling up the DagBag from /opt/airflow/dags/tp5/config.py
[2026-06-10T11:27:24.698+0000] {processor.py:842} WARNING - No viable dags retrieved from /opt/airflow/dags/tp5/config.py
[2026-06-10T11:27:24.733+0000] {processor.py:183} INFO - Processing /opt/airflow/dags/tp5/config.py took 0.083 seconds
[2026-06-10T11:27:55.453+0000] {processor.py:161} INFO - Started process (PID=814) to work on /opt/airflow/dags/tp5/config.py
[2026-06-10T11:27:55.456+0000] {processor.py:830} INFO - Processing file /opt/airflow/dags/tp5/config.py for tasks to queue
[2026-06-10T11:27:55.459+0000] {logging_mixin.py:188} INFO - [2026-06-10T11:27:55.458+0000] {dagbag.py:538} INFO - Filling up the DagBag from /opt/airflow/dags/tp5/config.py
[2026-06-10T11:27:55.497+0000] {processor.py:842} WARNING - No viable dags retrieved from /opt/airflow/dags/tp5/config.py
[2026-06-10T11:27:55.533+0000] {processor.py:183} INFO - Processing /opt/airflow/dags/tp5/config.py took 0.090 seconds
[2026-06-10T11:28:26.256+0000] {processor.py:161} INFO - Started process (PID=829) to work on /opt/airflow/dags/tp5/config.py
[2026-06-10T11:28:26.259+0000] {processor.py:830} INFO - Processing file /opt/airflow/dags/tp5/config.py for tasks to queue
[2026-06-10T11:28:26.262+0000] {logging_mixin.py:188} INFO - [2026-06-10T11:28:26.261+0000] {dagbag.py:538} INFO - Filling up the DagBag from /opt/airflow/dags/tp5/config.py
[2026-06-10T11:28:26.303+0000] {processor.py:842} WARNING - No viable dags retrieved from /opt/airflow/dags/tp5/config.py
[2026-06-10T11:28:26.341+0000] {processor.py:183} INFO - Processing /opt/airflow/dags/tp5/config.py took 0.097 seconds
[2026-06-10T11:28:57.161+0000] {processor.py:161} INFO - Started process (PID=844) to work on /opt/airflow/dags/tp5/config.py
[2026-06-10T11:28:57.163+0000] {processor.py:830} INFO - Processing file /opt/airflow/dags/tp5/config.py for tasks to queue
[2026-06-10T11:28:57.166+0000] {logging_mixin.py:188} INFO - [2026-06-10T11:28:57.166+0000] {dagbag.py:538} INFO - Filling up the DagBag from /opt/airflow/dags/tp5/config.py
[2026-06-10T11:28:57.193+0000] {processor.py:842} WARNING - No viable dags retrieved from /opt/airflow/dags/tp5/config.py
[2026-06-10T11:28:57.226+0000] {processor.py:183} INFO - Processing /opt/airflow/dags/tp5/config.py took 0.073 seconds
[2026-06-10T11:29:27.849+0000] {processor.py:161} INFO - Started process (PID=859) to work on /opt/airflow/dags/tp5/config.py
[2026-06-10T11:29:27.852+0000] {processor.py:830} INFO - Processing file /opt/airflow/dags/tp5/config.py for tasks to queue
[2026-06-10T11:29:27.855+0000] {logging_mixin.py:188} INFO - [2026-06-10T11:29:27.854+0000] {dagbag.py:538} INFO - Filling up the DagBag from /opt/airflow/dags/tp5/config.py
[2026-06-10T11:29:27.886+0000] {processor.py:842} WARNING - No viable dags retrieved from /opt/airflow/dags/tp5/config.py
[2026-06-10T11:29:27.920+0000] {processor.py:183} INFO - Processing /opt/airflow/dags/tp5/config.py took 0.082 seconds
[2026-06-10T11:29:58.897+0000] {processor.py:161} INFO - Started process (PID=874) to work on /opt/airflow/dags/tp5/config.py
[2026-06-10T11:29:58.900+0000] {processor.py:830} INFO - Processing file /opt/airflow/dags/tp5/config.py for tasks to queue
[2026-06-10T11:29:58.903+0000] {logging_mixin.py:188} INFO - [2026-06-10T11:29:58.902+0000] {dagbag.py:538} INFO - Filling up the DagBag from /opt/airflow/dags/tp5/config.py
[2026-06-10T11:29:58.936+0000] {processor.py:842} WARNING - No viable dags retrieved from /opt/airflow/dags/tp5/config.py
[2026-06-10T11:29:58.971+0000] {processor.py:183} INFO - Processing /opt/airflow/dags/tp5/config.py took 0.081 seconds
[2026-06-10T11:30:29.704+0000] {processor.py:161} INFO - Started process (PID=889) to work on /opt/airflow/dags/tp5/config.py
[2026-06-10T11:30:29.707+0000] {processor.py:830} INFO - Processing file /opt/airflow/dags/tp5/config.py for tasks to queue
[2026-06-10T11:30:29.711+0000] {logging_mixin.py:188} INFO - [2026-06-10T11:30:29.710+0000] {dagbag.py:538} INFO - Filling up the DagBag from /opt/airflow/dags/tp5/config.py
[2026-06-10T11:30:29.745+0000] {processor.py:842} WARNING - No viable dags retrieved from /opt/airflow/dags/tp5/config.py
[2026-06-10T11:30:29.787+0000] {processor.py:183} INFO - Processing /opt/airflow/dags/tp5/config.py took 0.092 seconds
[2026-06-10T11:31:00.521+0000] {processor.py:161} INFO - Started process (PID=904) to work on /opt/airflow/dags/tp5/config.py
[2026-06-10T11:31:00.524+0000] {processor.py:830} INFO - Processing file /opt/airflow/dags/tp5/config.py for tasks to queue
[2026-06-10T11:31:00.527+0000] {logging_mixin.py:188} INFO - [2026-06-10T11:31:00.526+0000] {dagbag.py:538} INFO - Filling up the DagBag from /opt/airflow/dags/tp5/config.py
[2026-06-10T11:31:00.562+0000] {processor.py:842} WARNING - No viable dags retrieved from /opt/airflow/dags/tp5/config.py
[2026-06-10T11:31:00.599+0000] {processor.py:183} INFO - Processing /opt/airflow/dags/tp5/config.py took 0.088 seconds
[2026-06-10T11:31:31.336+0000] {processor.py:161} INFO - Started process (PID=919) to work on /opt/airflow/dags/tp5/config.py
[2026-06-10T11:31:31.340+0000] {processor.py:830} INFO - Processing file /opt/airflow/dags/tp5/config.py for tasks to queue
[2026-06-10T11:31:31.343+0000] {logging_mixin.py:188} INFO - [2026-06-10T11:31:31.342+0000] {dagbag.py:538} INFO - Filling up the DagBag from /opt/airflow/dags/tp5/config.py
[2026-06-10T11:31:31.374+0000] {processor.py:842} WARNING - No viable dags retrieved from /opt/airflow/dags/tp5/config.py
[2026-06-10T11:31:31.411+0000] {processor.py:183} INFO - Processing /opt/airflow/dags/tp5/config.py took 0.087 seconds
[2026-06-10T11:32:02.193+0000] {processor.py:161} INFO - Started process (PID=934) to work on /opt/airflow/dags/tp5/config.py
[2026-06-10T11:32:02.196+0000] {processor.py:830} INFO - Processing file /opt/airflow/dags/tp5/config.py for tasks to queue
[2026-06-10T11:32:02.199+0000] {logging_mixin.py:188} INFO - [2026-06-10T11:32:02.198+0000] {dagbag.py:538} INFO - Filling up the DagBag from /opt/airflow/dags/tp5/config.py
[2026-06-10T11:32:02.284+0000] {processor.py:842} WARNING - No viable dags retrieved from /opt/airflow/dags/tp5/config.py
[2026-06-10T11:32:02.329+0000] {processor.py:183} INFO - Processing /opt/airflow/dags/tp5/config.py took 0.147 seconds
[2026-06-10T11:32:33.105+0000] {processor.py:161} INFO - Started process (PID=949) to work on /opt/airflow/dags/tp5/config.py
[2026-06-10T11:32:33.107+0000] {processor.py:830} INFO - Processing file /opt/airflow/dags/tp5/config.py for tasks to queue
[2026-06-10T11:32:33.110+0000] {logging_mixin.py:188} INFO - [2026-06-10T11:32:33.109+0000] {dagbag.py:538} INFO - Filling up the DagBag from /opt/airflow/dags/tp5/config.py
[2026-06-10T11:32:33.144+0000] {processor.py:842} WARNING - No viable dags retrieved from /opt/airflow/dags/tp5/config.py
[2026-06-10T11:32:33.180+0000] {processor.py:183} INFO - Processing /opt/airflow/dags/tp5/config.py took 0.083 seconds
[2026-06-10T11:33:03.913+0000] {processor.py:161} INFO - Started process (PID=964) to work on /opt/airflow/dags/tp5/config.py
[2026-06-10T11:33:03.916+0000] {processor.py:830} INFO - Processing file /opt/airflow/dags/tp5/config.py for tasks to queue
[2026-06-10T11:33:03.919+0000] {logging_mixin.py:188} INFO - [2026-06-10T11:33:03.918+0000] {dagbag.py:538} INFO - Filling up the DagBag from /opt/airflow/dags/tp5/config.py
[2026-06-10T11:33:03.954+0000] {processor.py:842} WARNING - No viable dags retrieved from /opt/airflow/dags/tp5/config.py
[2026-06-10T11:33:03.991+0000] {processor.py:183} INFO - Processing /opt/airflow/dags/tp5/config.py took 0.088 seconds
[2026-06-10T11:33:34.690+0000] {processor.py:161} INFO - Started process (PID=979) to work on /opt/airflow/dags/tp5/config.py
[2026-06-10T11:33:34.693+0000] {processor.py:830} INFO - Processing file /opt/airflow/dags/tp5/config.py for tasks to queue
[2026-06-10T11:33:34.695+0000] {logging_mixin.py:188} INFO - [2026-06-10T11:33:34.694+0000] {dagbag.py:538} INFO - Filling up the DagBag from /opt/airflow/dags/tp5/config.py
[2026-06-10T11:33:34.730+0000] {processor.py:842} WARNING - No viable dags retrieved from /opt/airflow/dags/tp5/config.py
[2026-06-10T11:33:34.764+0000] {processor.py:183} INFO - Processing /opt/airflow/dags/tp5/config.py took 0.086 seconds
[2026-06-10T11:34:05.489+0000] {processor.py:161} INFO - Started process (PID=994) to work on /opt/airflow/dags/tp5/config.py
[2026-06-10T11:34:05.492+0000] {processor.py:830} INFO - Processing file /opt/airflow/dags/tp5/config.py for tasks to queue
[2026-06-10T11:34:05.494+0000] {logging_mixin.py:188} INFO - [2026-06-10T11:34:05.493+0000] {dagbag.py:538} INFO - Filling up the DagBag from /opt/airflow/dags/tp5/config.py
[2026-06-10T11:34:05.529+0000] {processor.py:842} WARNING - No viable dags retrieved from /opt/airflow/dags/tp5/config.py
[2026-06-10T11:34:05.568+0000] {processor.py:183} INFO - Processing /opt/airflow/dags/tp5/config.py took 0.088 seconds
[2026-06-10T11:34:36.626+0000] {processor.py:161} INFO - Started process (PID=1009) to work on /opt/airflow/dags/tp5/config.py
[2026-06-10T11:34:36.628+0000] {processor.py:830} INFO - Processing file /opt/airflow/dags/tp5/config.py for tasks to queue
[2026-06-10T11:34:36.631+0000] {logging_mixin.py:188} INFO - [2026-06-10T11:34:36.630+0000] {dagbag.py:538} INFO - Filling up the DagBag from /opt/airflow/dags/tp5/config.py
[2026-06-10T11:34:36.664+0000] {processor.py:842} WARNING - No viable dags retrieved from /opt/airflow/dags/tp5/config.py
[2026-06-10T11:34:36.700+0000] {processor.py:183} INFO - Processing /opt/airflow/dags/tp5/config.py took 0.082 seconds
