[2026-06-08T12:24:47.338+0000] {manager.py:469} INFO - Processing files using up to 2 processes at a time 
[2026-06-08T12:24:47.339+0000] {manager.py:470} INFO - Process each file at most once every 30 seconds
[2026-06-08T12:24:47.339+0000] {manager.py:471} INFO - Checking for new files in /opt/airflow/dags every 300 seconds
[2026-06-08T12:24:47.340+0000] {manager.py:738} INFO - Searching for files in /opt/airflow/dags
[2026-06-08T12:24:47.357+0000] {manager.py:741} INFO - There are 1 files in /opt/airflow/dags
[2026-06-08T12:24:47.458+0000] {manager.py:879} INFO - 
================================================================================
DAG File Processing Stats

File Path                               PID  Runtime      # DAGs    # Errors  Last Runtime    Last Run
------------------------------------  -----  ---------  --------  ----------  --------------  ----------
/opt/airflow/dags/tp2_premier_dag.py    171  0.04s             0           0
================================================================================
[2026-06-08T12:25:17.618+0000] {manager.py:879} INFO - 
================================================================================
DAG File Processing Stats

File Path                               PID  Runtime      # DAGs    # Errors  Last Runtime    Last Run
------------------------------------  -----  ---------  --------  ----------  --------------  -------------------
/opt/airflow/dags/tp2_premier_dag.py    176  0.01s             1           0  0.14s           2026-06-08T12:24:47
================================================================================
[2026-06-08T12:25:47.864+0000] {manager.py:879} INFO - 
================================================================================
DAG File Processing Stats

File Path                               PID  Runtime      # DAGs    # Errors  Last Runtime    Last Run
------------------------------------  -----  ---------  --------  ----------  --------------  -------------------
/opt/airflow/dags/tp2_premier_dag.py    181  0.01s             1           0  0.12s           2026-06-08T12:25:17
================================================================================
[2026-06-08T12:26:18.035+0000] {manager.py:879} INFO - 
================================================================================
DAG File Processing Stats

File Path                               PID  Runtime      # DAGs    # Errors  Last Runtime    Last Run
------------------------------------  -----  ---------  --------  ----------  --------------  -------------------
/opt/airflow/dags/tp2_premier_dag.py    186  0.01s             1           0  0.12s           2026-06-08T12:25:47
================================================================================
[2026-06-08T12:26:48.277+0000] {manager.py:879} INFO - 
================================================================================
DAG File Processing Stats

File Path                               PID  Runtime      # DAGs    # Errors  Last Runtime    Last Run
------------------------------------  -----  ---------  --------  ----------  --------------  -------------------
/opt/airflow/dags/tp2_premier_dag.py    191  0.01s             1           0  0.11s           2026-06-08T12:26:18
================================================================================
[2026-06-08T12:27:18.451+0000] {manager.py:879} INFO - 
================================================================================
DAG File Processing Stats

File Path                               PID  Runtime      # DAGs    # Errors  Last Runtime    Last Run
------------------------------------  -----  ---------  --------  ----------  --------------  -------------------
/opt/airflow/dags/tp2_premier_dag.py    196  0.01s             1           0  0.10s           2026-06-08T12:26:48
================================================================================
[2026-06-08T12:27:48.646+0000] {manager.py:879} INFO - 
================================================================================
DAG File Processing Stats

File Path                             PID    Runtime      # DAGs    # Errors  Last Runtime    Last Run
------------------------------------  -----  ---------  --------  ----------  --------------  -------------------
/opt/airflow/dags/tp2_premier_dag.py                           1           0  0.33s           2026-06-08T12:27:18
================================================================================
[2026-06-08T12:28:19.095+0000] {manager.py:879} INFO - 
================================================================================
DAG File Processing Stats

File Path                               PID  Runtime      # DAGs    # Errors  Last Runtime    Last Run
------------------------------------  -----  ---------  --------  ----------  --------------  -------------------
/opt/airflow/dags/tp2_premier_dag.py    206  0.01s             1           0  0.10s           2026-06-08T12:27:49
================================================================================
[2026-06-08T12:28:49.580+0000] {manager.py:879} INFO - 
================================================================================
DAG File Processing Stats

File Path                               PID  Runtime      # DAGs    # Errors  Last Runtime    Last Run
------------------------------------  -----  ---------  --------  ----------  --------------  -------------------
/opt/airflow/dags/tp2_premier_dag.py    229  0.01s             1           0  0.24s           2026-06-08T12:28:19
================================================================================
[2026-06-08T12:28:59.225+0000] {manager.py:451} INFO - Exiting gracefully upon receiving signal 15
[2026-06-10T11:08:32.236+0000] {manager.py:469} INFO - Processing files using up to 2 processes at a time 
[2026-06-10T11:08:32.237+0000] {manager.py:470} INFO - Process each file at most once every 30 seconds
[2026-06-10T11:08:32.238+0000] {manager.py:471} INFO - Checking for new files in /opt/airflow/dags every 300 seconds
[2026-06-10T11:08:32.238+0000] {manager.py:738} INFO - Searching for files in /opt/airflow/dags
[2026-06-10T11:08:32.263+0000] {manager.py:741} INFO - There are 1 files in /opt/airflow/dags
[2026-06-10T11:08:32.390+0000] {manager.py:879} INFO - 
================================================================================
DAG File Processing Stats

File Path                               PID  Runtime      # DAGs    # Errors  Last Runtime    Last Run
------------------------------------  -----  ---------  --------  ----------  --------------  ----------
/opt/airflow/dags/tp2_premier_dag.py    189  0.05s             0           0
================================================================================
[2026-06-10T11:08:50.746+0000] {manager.py:451} INFO - Exiting gracefully upon receiving signal 15
[2026-06-10T11:09:27.039+0000] {manager.py:469} INFO - Processing files using up to 2 processes at a time 
[2026-06-10T11:09:27.040+0000] {manager.py:470} INFO - Process each file at most once every 30 seconds
[2026-06-10T11:09:27.041+0000] {manager.py:471} INFO - Checking for new files in /opt/airflow/dags every 300 seconds
[2026-06-10T11:09:27.041+0000] {manager.py:738} INFO - Searching for files in /opt/airflow/dags
[2026-06-10T11:09:27.149+0000] {manager.py:741} INFO - There are 3 files in /opt/airflow/dags
[2026-06-10T11:09:27.283+0000] {manager.py:879} INFO - 
================================================================================
DAG File Processing Stats

File Path                                  PID  Runtime      # DAGs    # Errors  Last Runtime    Last Run
---------------------------------------  -----  ---------  --------  ----------  --------------  ----------
/opt/airflow/dags/tp2_premier_dag.py                              0           0
/opt/airflow/dags/tp5_pipeline_meteo.py    193  0.05s             0           0
/opt/airflow/dags/tp5/config.py            190  0.09s             0           0
================================================================================
[2026-06-10T11:09:57.808+0000] {manager.py:879} INFO - 
================================================================================
DAG File Processing Stats

File Path                                  PID  Runtime      # DAGs    # Errors  Last Runtime    Last Run
---------------------------------------  -----  ---------  --------  ----------  --------------  -------------------
/opt/airflow/dags/tp5_pipeline_meteo.py    208  0.02s             0           1  0.22s           2026-06-10T11:09:27
/opt/airflow/dags/tp5/config.py            205  0.05s             0           0  0.11s           2026-06-10T11:09:27
/opt/airflow/dags/tp2_premier_dag.py                              1           0  0.43s           2026-06-10T11:09:27
================================================================================
[2026-06-10T11:10:28.515+0000] {manager.py:879} INFO - 
================================================================================
DAG File Processing Stats

File Path                                  PID  Runtime      # DAGs    # Errors  Last Runtime    Last Run
---------------------------------------  -----  ---------  --------  ----------  --------------  -------------------
/opt/airflow/dags/tp5_pipeline_meteo.py    223  0.02s             0           1  0.29s           2026-06-10T11:09:58
/opt/airflow/dags/tp5/config.py            220  0.05s             0           0  0.19s           2026-06-10T11:09:57
/opt/airflow/dags/tp2_premier_dag.py                              1           0  0.23s           2026-06-10T11:09:58
================================================================================
[2026-06-10T11:10:59.248+0000] {manager.py:879} INFO - 
================================================================================
DAG File Processing Stats

File Path                                  PID  Runtime      # DAGs    # Errors  Last Runtime    Last Run
---------------------------------------  -----  ---------  --------  ----------  --------------  -------------------
/opt/airflow/dags/tp5_pipeline_meteo.py    238  0.01s             0           1  0.35s           2026-06-10T11:10:28
/opt/airflow/dags/tp5/config.py            235  0.05s             0           0  0.29s           2026-06-10T11:10:28
/opt/airflow/dags/tp2_premier_dag.py                              1           0  0.22s           2026-06-10T11:10:28
================================================================================
[2026-06-10T11:11:29.875+0000] {manager.py:879} INFO - 
================================================================================
DAG File Processing Stats

File Path                                  PID  Runtime      # DAGs    # Errors  Last Runtime    Last Run
---------------------------------------  -----  ---------  --------  ----------  --------------  -------------------
/opt/airflow/dags/tp5_pipeline_meteo.py    260  0.01s             0           1  0.24s           2026-06-10T11:10:59
/opt/airflow/dags/tp5/config.py            257  0.04s             0           0  0.17s           2026-06-10T11:10:59
/opt/airflow/dags/tp2_premier_dag.py                              1           0  0.26s           2026-06-10T11:10:59
================================================================================
[2026-06-10T11:12:00.589+0000] {manager.py:879} INFO - 
================================================================================
DAG File Processing Stats

File Path                                  PID  Runtime      # DAGs    # Errors  Last Runtime    Last Run
---------------------------------------  -----  ---------  --------  ----------  --------------  -------------------
/opt/airflow/dags/tp5_pipeline_meteo.py    275  0.02s             0           1  0.28s           2026-06-10T11:11:30
/opt/airflow/dags/tp5/config.py            272  0.05s             0           0  0.19s           2026-06-10T11:11:30
/opt/airflow/dags/tp2_premier_dag.py                              1           0  0.19s           2026-06-10T11:11:30
================================================================================
[2026-06-10T11:12:31.277+0000] {manager.py:879} INFO - 
================================================================================
DAG File Processing Stats

File Path                                  PID  Runtime      # DAGs    # Errors  Last Runtime    Last Run
---------------------------------------  -----  ---------  --------  ----------  --------------  -------------------
/opt/airflow/dags/tp5_pipeline_meteo.py    304  0.01s             0           1  0.26s           2026-06-10T11:12:00
/opt/airflow/dags/tp5/config.py            301  0.06s             0           0  0.18s           2026-06-10T11:12:00
/opt/airflow/dags/tp2_premier_dag.py                              1           0  0.24s           2026-06-10T11:12:00
================================================================================
[2026-06-10T11:13:01.976+0000] {manager.py:879} INFO - 
================================================================================
DAG File Processing Stats

File Path                                  PID  Runtime      # DAGs    # Errors  Last Runtime    Last Run
---------------------------------------  -----  ---------  --------  ----------  --------------  -------------------
/opt/airflow/dags/tp5_pipeline_meteo.py    319  0.01s             0           1  0.26s           2026-06-10T11:12:31
/opt/airflow/dags/tp5/config.py            316  0.04s             0           0  0.18s           2026-06-10T11:12:31
/opt/airflow/dags/tp2_premier_dag.py                              1           0  0.23s           2026-06-10T11:12:31
================================================================================
[2026-06-10T11:13:32.804+0000] {manager.py:879} INFO - 
================================================================================
DAG File Processing Stats

File Path                                  PID  Runtime      # DAGs    # Errors  Last Runtime    Last Run
---------------------------------------  -----  ---------  --------  ----------  --------------  -------------------
/opt/airflow/dags/tp5/config.py            338  0.04s             0           0  0.16s           2026-06-10T11:13:02
/opt/airflow/dags/tp2_premier_dag.py                              1           0  0.22s           2026-06-10T11:13:02
/opt/airflow/dags/tp5_pipeline_meteo.py    341  0.01s             1           0  0.62s           2026-06-10T11:13:02
================================================================================
[2026-06-10T11:14:03.601+0000] {manager.py:879} INFO - 
================================================================================
DAG File Processing Stats

File Path                                  PID  Runtime      # DAGs    # Errors  Last Runtime    Last Run
---------------------------------------  -----  ---------  --------  ----------  --------------  -------------------
/opt/airflow/dags/tp5/config.py            353  0.06s             0           0  0.14s           2026-06-10T11:13:32
/opt/airflow/dags/tp2_premier_dag.py                              1           0  0.22s           2026-06-10T11:13:33
/opt/airflow/dags/tp5_pipeline_meteo.py    356  0.02s             1           0  0.37s           2026-06-10T11:13:33
================================================================================
[2026-06-10T11:14:27.247+0000] {manager.py:738} INFO - Searching for files in /opt/airflow/dags
[2026-06-10T11:14:27.576+0000] {manager.py:741} INFO - There are 3 files in /opt/airflow/dags
[2026-06-10T11:14:33.677+0000] {manager.py:879} INFO - 
================================================================================
DAG File Processing Stats

File Path                                PID    Runtime      # DAGs    # Errors  Last Runtime    Last Run
---------------------------------------  -----  ---------  --------  ----------  --------------  -------------------
/opt/airflow/dags/tp5/config.py                                   0           0  0.16s           2026-06-10T11:14:03
/opt/airflow/dags/tp2_premier_dag.py                              1           0  0.25s           2026-06-10T11:14:03
/opt/airflow/dags/tp5_pipeline_meteo.py                           1           0  0.41s           2026-06-10T11:14:03
================================================================================
[2026-06-10T11:15:04.390+0000] {manager.py:879} INFO - 
================================================================================
DAG File Processing Stats

File Path                                PID    Runtime      # DAGs    # Errors  Last Runtime    Last Run
---------------------------------------  -----  ---------  --------  ----------  --------------  -------------------
/opt/airflow/dags/tp5/config.py                                   0           0  0.14s           2026-06-10T11:14:34
/opt/airflow/dags/tp2_premier_dag.py                              1           0  0.20s           2026-06-10T11:14:35
/opt/airflow/dags/tp5_pipeline_meteo.py                           1           0  0.34s           2026-06-10T11:14:35
================================================================================
[2026-06-10T11:15:35.084+0000] {manager.py:879} INFO - 
================================================================================
DAG File Processing Stats

File Path                                PID    Runtime      # DAGs    # Errors  Last Runtime    Last Run
---------------------------------------  -----  ---------  --------  ----------  --------------  -------------------
/opt/airflow/dags/tp5/config.py                                   0           0  0.11s           2026-06-10T11:15:05
/opt/airflow/dags/tp2_premier_dag.py                              1           0  0.19s           2026-06-10T11:15:05
/opt/airflow/dags/tp5_pipeline_meteo.py                           1           0  0.31s           2026-06-10T11:15:05
================================================================================
[2026-06-10T11:16:05.879+0000] {manager.py:879} INFO - 
================================================================================
DAG File Processing Stats

File Path                                PID    Runtime      # DAGs    # Errors  Last Runtime    Last Run
---------------------------------------  -----  ---------  --------  ----------  --------------  -------------------
/opt/airflow/dags/tp5/config.py                                   0           0  0.14s           2026-06-10T11:15:36
/opt/airflow/dags/tp2_premier_dag.py                              1           0  0.23s           2026-06-10T11:15:36
/opt/airflow/dags/tp5_pipeline_meteo.py                           1           0  0.39s           2026-06-10T11:15:36
================================================================================
[2026-06-10T11:16:36.638+0000] {manager.py:879} INFO - 
================================================================================
DAG File Processing Stats

File Path                                PID    Runtime      # DAGs    # Errors  Last Runtime    Last Run
---------------------------------------  -----  ---------  --------  ----------  --------------  -------------------
/opt/airflow/dags/tp5/config.py                                   0           0  0.14s           2026-06-10T11:16:07
/opt/airflow/dags/tp2_premier_dag.py                              1           0  0.23s           2026-06-10T11:16:07
/opt/airflow/dags/tp5_pipeline_meteo.py                           1           0  0.39s           2026-06-10T11:16:07
================================================================================
[2026-06-10T11:17:07.405+0000] {manager.py:879} INFO - 
================================================================================
DAG File Processing Stats

File Path                                PID    Runtime      # DAGs    # Errors  Last Runtime    Last Run
---------------------------------------  -----  ---------  --------  ----------  --------------  -------------------
/opt/airflow/dags/tp5/config.py                                   0           0  0.15s           2026-06-10T11:16:37
/opt/airflow/dags/tp2_premier_dag.py                              1           0  0.24s           2026-06-10T11:16:38
/opt/airflow/dags/tp5_pipeline_meteo.py                           1           0  0.40s           2026-06-10T11:16:38
================================================================================
[2026-06-10T11:17:38.322+0000] {manager.py:879} INFO - 
================================================================================
DAG File Processing Stats

File Path                                PID    Runtime      # DAGs    # Errors  Last Runtime    Last Run
---------------------------------------  -----  ---------  --------  ----------  --------------  -------------------
/opt/airflow/dags/tp5/config.py                                   0           0  0.14s           2026-06-10T11:17:08
/opt/airflow/dags/tp2_premier_dag.py                              1           0  0.32s           2026-06-10T11:17:08
/opt/airflow/dags/tp5_pipeline_meteo.py                           1           0  0.52s           2026-06-10T11:17:08
================================================================================
[2026-06-10T11:18:09.147+0000] {manager.py:879} INFO - 
================================================================================
DAG File Processing Stats

File Path                                PID    Runtime      # DAGs    # Errors  Last Runtime    Last Run
---------------------------------------  -----  ---------  --------  ----------  --------------  -------------------
/opt/airflow/dags/tp5/config.py                                   0           0  0.19s           2026-06-10T11:17:39
/opt/airflow/dags/tp2_premier_dag.py                              1           0  0.24s           2026-06-10T11:17:39
/opt/airflow/dags/tp5_pipeline_meteo.py                           1           0  0.43s           2026-06-10T11:17:39
================================================================================
[2026-06-10T11:18:39.762+0000] {manager.py:879} INFO - 
================================================================================
DAG File Processing Stats

File Path                                PID    Runtime      # DAGs    # Errors  Last Runtime    Last Run
---------------------------------------  -----  ---------  --------  ----------  --------------  -------------------
/opt/airflow/dags/tp5/config.py                                   0           0  0.10s           2026-06-10T11:18:10
/opt/airflow/dags/tp2_premier_dag.py                              1           0  0.15s           2026-06-10T11:18:10
/opt/airflow/dags/tp5_pipeline_meteo.py                           1           0  0.26s           2026-06-10T11:18:10
================================================================================
[2026-06-10T11:19:10.519+0000] {manager.py:879} INFO - 
================================================================================
DAG File Processing Stats

File Path                                PID    Runtime      # DAGs    # Errors  Last Runtime    Last Run
---------------------------------------  -----  ---------  --------  ----------  --------------  -------------------
/opt/airflow/dags/tp5/config.py                                   0           0  0.13s           2026-06-10T11:18:40
/opt/airflow/dags/tp2_premier_dag.py                              1           0  0.23s           2026-06-10T11:18:41
/opt/airflow/dags/tp5_pipeline_meteo.py                           1           0  0.39s           2026-06-10T11:18:41
================================================================================
[2026-06-10T11:19:28.204+0000] {manager.py:738} INFO - Searching for files in /opt/airflow/dags
[2026-06-10T11:19:28.438+0000] {manager.py:741} INFO - There are 3 files in /opt/airflow/dags
[2026-06-10T11:19:40.600+0000] {manager.py:879} INFO - 
================================================================================
DAG File Processing Stats

File Path                                PID    Runtime      # DAGs    # Errors  Last Runtime    Last Run
---------------------------------------  -----  ---------  --------  ----------  --------------  -------------------
/opt/airflow/dags/tp5/config.py                                   0           0  0.19s           2026-06-10T11:19:11
/opt/airflow/dags/tp2_premier_dag.py                              1           0  0.24s           2026-06-10T11:19:12
/opt/airflow/dags/tp5_pipeline_meteo.py                           1           0  0.44s           2026-06-10T11:19:12
================================================================================
[2026-06-10T11:20:11.177+0000] {manager.py:879} INFO - 
================================================================================
DAG File Processing Stats

File Path                                PID    Runtime      # DAGs    # Errors  Last Runtime    Last Run
---------------------------------------  -----  ---------  --------  ----------  --------------  -------------------
/opt/airflow/dags/tp5/config.py                                   0           0  0.16s           2026-06-10T11:19:42
/opt/airflow/dags/tp2_premier_dag.py                              1           0  0.23s           2026-06-10T11:19:43
/opt/airflow/dags/tp5_pipeline_meteo.py                           1           0  0.39s           2026-06-10T11:19:43
================================================================================
[2026-06-10T11:20:41.307+0000] {manager.py:879} INFO - 
================================================================================
DAG File Processing Stats

File Path                                PID    Runtime      # DAGs    # Errors  Last Runtime    Last Run
---------------------------------------  -----  ---------  --------  ----------  --------------  -------------------
/opt/airflow/dags/tp5/config.py                                   0           0  0.21s           2026-06-10T11:20:13
/opt/airflow/dags/tp2_premier_dag.py                              1           0  0.24s           2026-06-10T11:20:13
/opt/airflow/dags/tp5_pipeline_meteo.py                           1           0  0.43s           2026-06-10T11:20:13
================================================================================
[2026-06-10T11:21:11.937+0000] {manager.py:879} INFO - 
================================================================================
DAG File Processing Stats

File Path                                PID    Runtime      # DAGs    # Errors  Last Runtime    Last Run
---------------------------------------  -----  ---------  --------  ----------  --------------  -------------------
/opt/airflow/dags/tp5/config.py                                   0           0  0.15s           2026-06-10T11:20:44
/opt/airflow/dags/tp2_premier_dag.py                              1           0  0.21s           2026-06-10T11:20:44
/opt/airflow/dags/tp5_pipeline_meteo.py                           1           0  0.37s           2026-06-10T11:20:44
================================================================================
[2026-06-10T11:21:42.766+0000] {manager.py:879} INFO - 
================================================================================
DAG File Processing Stats

File Path                                PID    Runtime      # DAGs    # Errors  Last Runtime    Last Run
---------------------------------------  -----  ---------  --------  ----------  --------------  -------------------
/opt/airflow/dags/tp5/config.py                                   0           0  0.16s           2026-06-10T11:21:15
/opt/airflow/dags/tp2_premier_dag.py                              1           0  0.25s           2026-06-10T11:21:15
/opt/airflow/dags/tp5_pipeline_meteo.py                           1           0  0.43s           2026-06-10T11:21:15
================================================================================
[2026-06-10T11:22:13.359+0000] {manager.py:879} INFO - 
================================================================================
DAG File Processing Stats

File Path                                PID    Runtime      # DAGs    # Errors  Last Runtime    Last Run
---------------------------------------  -----  ---------  --------  ----------  --------------  -------------------
/opt/airflow/dags/tp5/config.py                                   0           0  0.16s           2026-06-10T11:21:45
/opt/airflow/dags/tp2_premier_dag.py                              1           0  0.32s           2026-06-10T11:21:46
/opt/airflow/dags/tp5_pipeline_meteo.py                           1           0  0.48s           2026-06-10T11:21:46
================================================================================
[2026-06-10T11:22:44.165+0000] {manager.py:879} INFO - 
================================================================================
DAG File Processing Stats

File Path                                PID    Runtime      # DAGs    # Errors  Last Runtime    Last Run
---------------------------------------  -----  ---------  --------  ----------  --------------  -------------------
/opt/airflow/dags/tp5/config.py                                   0           0  0.14s           2026-06-10T11:22:16
/opt/airflow/dags/tp2_premier_dag.py                              1           0  0.26s           2026-06-10T11:22:16
/opt/airflow/dags/tp5_pipeline_meteo.py                           1           0  0.43s           2026-06-10T11:22:16
================================================================================
[2026-06-10T11:23:15.066+0000] {manager.py:879} INFO - 
================================================================================
DAG File Processing Stats

File Path                                PID    Runtime      # DAGs    # Errors  Last Runtime    Last Run
---------------------------------------  -----  ---------  --------  ----------  --------------  -------------------
/opt/airflow/dags/tp5/config.py                                   0           0  0.15s           2026-06-10T11:22:47
/opt/airflow/dags/tp2_premier_dag.py                              1           0  0.37s           2026-06-10T11:22:47
/opt/airflow/dags/tp5_pipeline_meteo.py                           1           0  0.48s           2026-06-10T11:22:47
================================================================================
[2026-06-10T11:23:45.928+0000] {manager.py:879} INFO - 
================================================================================
DAG File Processing Stats

File Path                                PID    Runtime      # DAGs    # Errors  Last Runtime    Last Run
---------------------------------------  -----  ---------  --------  ----------  --------------  -------------------
/opt/airflow/dags/tp5/config.py                                   0           0  0.18s           2026-06-10T11:23:18
/opt/airflow/dags/tp2_premier_dag.py                              1           0  0.25s           2026-06-10T11:23:18
/opt/airflow/dags/tp5_pipeline_meteo.py                           1           0  0.48s           2026-06-10T11:23:18
================================================================================
[2026-06-10T11:24:16.544+0000] {manager.py:879} INFO - 
================================================================================
DAG File Processing Stats

File Path                                PID    Runtime      # DAGs    # Errors  Last Runtime    Last Run
---------------------------------------  -----  ---------  --------  ----------  --------------  -------------------
/opt/airflow/dags/tp5/config.py                                   0           0  0.21s           2026-06-10T11:23:49
/opt/airflow/dags/tp2_premier_dag.py                              1           0  0.27s           2026-06-10T11:23:49
/opt/airflow/dags/tp5_pipeline_meteo.py                           1           0  0.47s           2026-06-10T11:23:49
================================================================================
[2026-06-10T11:24:28.903+0000] {manager.py:738} INFO - Searching for files in /opt/airflow/dags
[2026-06-10T11:24:29.390+0000] {manager.py:741} INFO - There are 3 files in /opt/airflow/dags
[2026-06-10T11:24:46.628+0000] {manager.py:879} INFO - 
================================================================================
DAG File Processing Stats

File Path                                PID    Runtime      # DAGs    # Errors  Last Runtime    Last Run
---------------------------------------  -----  ---------  --------  ----------  --------------  -------------------
/opt/airflow/dags/tp5/config.py                                   0           0  0.17s           2026-06-10T11:24:19
/opt/airflow/dags/tp2_premier_dag.py                              1           0  0.23s           2026-06-10T11:24:20
/opt/airflow/dags/tp5_pipeline_meteo.py                           1           0  0.41s           2026-06-10T11:24:20
================================================================================
[2026-06-10T11:25:17.481+0000] {manager.py:879} INFO - 
================================================================================
DAG File Processing Stats

File Path                                PID    Runtime      # DAGs    # Errors  Last Runtime    Last Run
---------------------------------------  -----  ---------  --------  ----------  --------------  -------------------
/opt/airflow/dags/tp5/config.py                                   0           0  0.22s           2026-06-10T11:24:50
/opt/airflow/dags/tp2_premier_dag.py                              1           0  0.23s           2026-06-10T11:24:51
/opt/airflow/dags/tp5_pipeline_meteo.py                           1           0  0.43s           2026-06-10T11:24:51
================================================================================
[2026-06-10T11:25:48.129+0000] {manager.py:879} INFO - 
================================================================================
DAG File Processing Stats

File Path                                PID    Runtime      # DAGs    # Errors  Last Runtime    Last Run
---------------------------------------  -----  ---------  --------  ----------  --------------  -------------------
/opt/airflow/dags/tp5/config.py                                   0           0  0.10s           2026-06-10T11:25:21
/opt/airflow/dags/tp2_premier_dag.py                              1           0  0.16s           2026-06-10T11:25:21
/opt/airflow/dags/tp5_pipeline_meteo.py                           1           0  0.26s           2026-06-10T11:25:21
================================================================================
[2026-06-10T11:26:18.923+0000] {manager.py:879} INFO - 
================================================================================
DAG File Processing Stats

File Path                                PID    Runtime      # DAGs    # Errors  Last Runtime    Last Run
---------------------------------------  -----  ---------  --------  ----------  --------------  -------------------
/opt/airflow/dags/tp5/config.py                                   0           0  0.17s           2026-06-10T11:25:52
/opt/airflow/dags/tp2_premier_dag.py                              1           0  0.23s           2026-06-10T11:25:52
/opt/airflow/dags/tp5_pipeline_meteo.py                           1           0  0.43s           2026-06-10T11:25:52
================================================================================
[2026-06-10T11:26:49.688+0000] {manager.py:879} INFO - 
================================================================================
DAG File Processing Stats

File Path                                PID    Runtime      # DAGs    # Errors  Last Runtime    Last Run
---------------------------------------  -----  ---------  --------  ----------  --------------  -------------------
/opt/airflow/dags/tp5/config.py                                   0           0  0.14s           2026-06-10T11:26:23
/opt/airflow/dags/tp2_premier_dag.py                              1           0  0.22s           2026-06-10T11:26:23
/opt/airflow/dags/tp5_pipeline_meteo.py                           1           0  0.36s           2026-06-10T11:26:23
================================================================================
[2026-06-10T11:27:20.543+0000] {manager.py:879} INFO - 
================================================================================
DAG File Processing Stats

File Path                                PID    Runtime      # DAGs    # Errors  Last Runtime    Last Run
---------------------------------------  -----  ---------  --------  ----------  --------------  -------------------
/opt/airflow/dags/tp5/config.py                                   0           0  0.15s           2026-06-10T11:26:53
/opt/airflow/dags/tp2_premier_dag.py                              1           0  0.25s           2026-06-10T11:26:54
/opt/airflow/dags/tp5_pipeline_meteo.py                           1           0  0.41s           2026-06-10T11:26:54
================================================================================
[2026-06-10T11:27:51.334+0000] {manager.py:879} INFO - 
================================================================================
DAG File Processing Stats

File Path                                PID    Runtime      # DAGs    # Errors  Last Runtime    Last Run
---------------------------------------  -----  ---------  --------  ----------  --------------  -------------------
/opt/airflow/dags/tp5/config.py                                   0           0  0.15s           2026-06-10T11:27:24
/opt/airflow/dags/tp2_premier_dag.py                              1           0  0.24s           2026-06-10T11:27:25
/opt/airflow/dags/tp5_pipeline_meteo.py                           1           0  0.39s           2026-06-10T11:27:25
================================================================================
[2026-06-10T11:28:22.126+0000] {manager.py:879} INFO - 
================================================================================
DAG File Processing Stats

File Path                                PID    Runtime      # DAGs    # Errors  Last Runtime    Last Run
---------------------------------------  -----  ---------  --------  ----------  --------------  -------------------
/opt/airflow/dags/tp5/config.py                                   0           0  0.16s           2026-06-10T11:27:55
/opt/airflow/dags/tp2_premier_dag.py                              1           0  0.23s           2026-06-10T11:27:55
/opt/airflow/dags/tp5_pipeline_meteo.py                           1           0  0.39s           2026-06-10T11:27:55
================================================================================
[2026-06-10T11:28:53.049+0000] {manager.py:879} INFO - 
================================================================================
DAG File Processing Stats

File Path                                PID    Runtime      # DAGs    # Errors  Last Runtime    Last Run
---------------------------------------  -----  ---------  --------  ----------  --------------  -------------------
/opt/airflow/dags/tp5/config.py                                   0           0  0.16s           2026-06-10T11:28:26
/opt/airflow/dags/tp2_premier_dag.py                              1           0  0.23s           2026-06-10T11:28:26
/opt/airflow/dags/tp5_pipeline_meteo.py                           1           0  0.41s           2026-06-10T11:28:26
================================================================================
[2026-06-10T11:29:23.746+0000] {manager.py:879} INFO - 
================================================================================
DAG File Processing Stats

File Path                                PID    Runtime      # DAGs    # Errors  Last Runtime    Last Run
---------------------------------------  -----  ---------  --------  ----------  --------------  -------------------
/opt/airflow/dags/tp5/config.py                                   0           0  0.13s           2026-06-10T11:28:57
/opt/airflow/dags/tp2_premier_dag.py                              1           0  0.20s           2026-06-10T11:28:57
/opt/airflow/dags/tp5_pipeline_meteo.py                           1           0  0.36s           2026-06-10T11:28:57
================================================================================
[2026-06-10T11:29:29.175+0000] {manager.py:738} INFO - Searching for files in /opt/airflow/dags
[2026-06-10T11:29:29.463+0000] {manager.py:741} INFO - There are 3 files in /opt/airflow/dags
[2026-06-10T11:29:53.779+0000] {manager.py:879} INFO - 
================================================================================
DAG File Processing Stats

File Path                                PID    Runtime      # DAGs    # Errors  Last Runtime    Last Run
---------------------------------------  -----  ---------  --------  ----------  --------------  -------------------
/opt/airflow/dags/tp5/config.py                                   0           0  0.14s           2026-06-10T11:29:27
/opt/airflow/dags/tp2_premier_dag.py                              1           0  0.21s           2026-06-10T11:29:28
/opt/airflow/dags/tp5_pipeline_meteo.py                           1           0  0.37s           2026-06-10T11:29:28
================================================================================
[2026-06-10T11:30:24.542+0000] {manager.py:879} INFO - 
================================================================================
DAG File Processing Stats

File Path                                PID    Runtime      # DAGs    # Errors  Last Runtime    Last Run
---------------------------------------  -----  ---------  --------  ----------  --------------  -------------------
/opt/airflow/dags/tp5/config.py                                   0           0  0.14s           2026-06-10T11:29:58
/opt/airflow/dags/tp2_premier_dag.py                              1           0  0.22s           2026-06-10T11:29:59
/opt/airflow/dags/tp5_pipeline_meteo.py                           1           0  0.38s           2026-06-10T11:29:59
================================================================================
[2026-06-10T11:30:55.369+0000] {manager.py:879} INFO - 
================================================================================
DAG File Processing Stats

File Path                                PID    Runtime      # DAGs    # Errors  Last Runtime    Last Run
---------------------------------------  -----  ---------  --------  ----------  --------------  -------------------
/opt/airflow/dags/tp5/config.py                                   0           0  0.17s           2026-06-10T11:30:29
/opt/airflow/dags/tp2_premier_dag.py                              1           0  0.25s           2026-06-10T11:30:30
/opt/airflow/dags/tp5_pipeline_meteo.py                           1           0  0.42s           2026-06-10T11:30:30
================================================================================
[2026-06-10T11:31:26.195+0000] {manager.py:879} INFO - 
================================================================================
DAG File Processing Stats

File Path                                PID    Runtime      # DAGs    # Errors  Last Runtime    Last Run
---------------------------------------  -----  ---------  --------  ----------  --------------  -------------------
/opt/airflow/dags/tp5/config.py                                   0           0  0.16s           2026-06-10T11:31:00
/opt/airflow/dags/tp2_premier_dag.py                              1           0  0.23s           2026-06-10T11:31:00
/opt/airflow/dags/tp5_pipeline_meteo.py                           1           0  0.40s           2026-06-10T11:31:00
================================================================================
[2026-06-10T11:31:57.006+0000] {manager.py:879} INFO - 
================================================================================
DAG File Processing Stats

File Path                                PID    Runtime      # DAGs    # Errors  Last Runtime    Last Run
---------------------------------------  -----  ---------  --------  ----------  --------------  -------------------
/opt/airflow/dags/tp5/config.py                                   0           0  0.16s           2026-06-10T11:31:31
/opt/airflow/dags/tp2_premier_dag.py                              1           0  0.23s           2026-06-10T11:31:31
/opt/airflow/dags/tp5_pipeline_meteo.py                           1           0  0.42s           2026-06-10T11:31:31
================================================================================
[2026-06-10T11:32:27.974+0000] {manager.py:879} INFO - 
================================================================================
DAG File Processing Stats

File Path                                PID    Runtime      # DAGs    # Errors  Last Runtime    Last Run
---------------------------------------  -----  ---------  --------  ----------  --------------  -------------------
/opt/airflow/dags/tp5/config.py                                   0           0  0.27s           2026-06-10T11:32:02
/opt/airflow/dags/tp2_premier_dag.py                              1           0  0.26s           2026-06-10T11:32:02
/opt/airflow/dags/tp5_pipeline_meteo.py                           1           0  0.50s           2026-06-10T11:32:02
================================================================================
[2026-06-10T11:32:58.777+0000] {manager.py:879} INFO - 
================================================================================
DAG File Processing Stats

File Path                                PID    Runtime      # DAGs    # Errors  Last Runtime    Last Run
---------------------------------------  -----  ---------  --------  ----------  --------------  -------------------
/opt/airflow/dags/tp5/config.py                                   0           0  0.15s           2026-06-10T11:32:33
/opt/airflow/dags/tp2_premier_dag.py                              1           0  0.22s           2026-06-10T11:32:33
/opt/airflow/dags/tp5_pipeline_meteo.py                           1           0  0.37s           2026-06-10T11:32:33
================================================================================
[2026-06-10T11:33:29.564+0000] {manager.py:879} INFO - 
================================================================================
DAG File Processing Stats

File Path                                PID    Runtime      # DAGs    # Errors  Last Runtime    Last Run
---------------------------------------  -----  ---------  --------  ----------  --------------  -------------------
/opt/airflow/dags/tp5/config.py                                   0           0  0.16s           2026-06-10T11:33:04
/opt/airflow/dags/tp2_premier_dag.py                              1           0  0.21s           2026-06-10T11:33:04
/opt/airflow/dags/tp5_pipeline_meteo.py                           1           0  0.39s           2026-06-10T11:33:04
================================================================================
[2026-06-10T11:34:00.364+0000] {manager.py:879} INFO - 
================================================================================
DAG File Processing Stats

File Path                                PID    Runtime      # DAGs    # Errors  Last Runtime    Last Run
---------------------------------------  -----  ---------  --------  ----------  --------------  -------------------
/opt/airflow/dags/tp5/config.py                                   0           0  0.15s           2026-06-10T11:33:34
/opt/airflow/dags/tp2_premier_dag.py                              1           0  0.25s           2026-06-10T11:33:35
/opt/airflow/dags/tp5_pipeline_meteo.py                           1           0  0.42s           2026-06-10T11:33:35
================================================================================
[2026-06-10T11:34:30.141+0000] {manager.py:738} INFO - Searching for files in /opt/airflow/dags
[2026-06-10T11:34:30.459+0000] {manager.py:741} INFO - There are 3 files in /opt/airflow/dags
[2026-06-10T11:34:30.483+0000] {manager.py:879} INFO - 
================================================================================
DAG File Processing Stats

File Path                                PID    Runtime      # DAGs    # Errors  Last Runtime    Last Run
---------------------------------------  -----  ---------  --------  ----------  --------------  -------------------
/opt/airflow/dags/tp5/config.py                                   0           0  0.15s           2026-06-10T11:34:05
/opt/airflow/dags/tp2_premier_dag.py                              1           0  0.23s           2026-06-10T11:34:05
/opt/airflow/dags/tp5_pipeline_meteo.py                           1           0  0.42s           2026-06-10T11:34:05
================================================================================
[2026-06-10T11:34:53.172+0000] {manager.py:451} INFO - Exiting gracefully upon receiving signal 15
